Arguments: 
  /usr/bin/node /home/marczak/.yarn/bin/yarn.js

PATH: 
  /home/marczak/.yarn/bin:/home/marczak/.config/yarn/global/node_modules/.bin:/home/marczak/.yarn/bin:/home/marczak/.config/yarn/global/node_modules/.bin:/usr/local/sbin:/usr/local/bin:/usr/sbin:/usr/bin:/sbin:/bin:/usr/games:/usr/local/games:/home/marczak/Android/Sdk/tools:/home/marczak/Android/Sdk/tools

Yarn version: 
  1.10.1

Node version: 
  8.11.3

Platform: 
  linux x64

Trace: 
  SyntaxError: /home/marczak/Workspace/rating-system/backend/package.json: Unexpected token } in JSON at position 637
      at JSON.parse (<anonymous>)
      at /home/marczak/.yarn/lib/cli.js:1136:59
      at Generator.next (<anonymous>)
      at step (/home/marczak/.yarn/lib/cli.js:98:30)
      at /home/marczak/.yarn/lib/cli.js:109:13
      at <anonymous>

npm manifest: 
  {
    "name": "backend",
    "version": "1.0.0",
    "description": "",
    "main": "index.js",
    "scripts": {
      "start": "nodemon -e js,graphql -x node src/index.js",
      "dev": "nodemon -e js,graphql -x node --inspect src/index.js",
      "test": "jest",
      "deploy": "prisma deploy --env-file variables.env"
    },
    "dependencies": {
      "babel-preset-env": "^1.7.0",
      "bcryptjs": "2.4.3",
      "dotenv": "6.0.0",
      "graphql": "^0.13.2",
      "graphql-cli": "^2.16.7",
      "graphql-yoga": "1.16.2",
      "jsonwebtoken": "8.3.0",
      "nodemon": "1.18.4",
      "npm-run-all": "^4.1.3",
      "prisma": "1.17.1",
      "prisma-binding": "2.1.6",
    },
    "license": "MIT",
    "babel": {
      "presets": [
        "env"
      ]
    }
  }

yarn manifest: 
  No manifest

Lockfile: 
  No lockfile
